{"C:\\Users\\nzabe\\OneDrive\\Desktop\\academics\\Y3\\Practical\\umurava-challenge\\src\\app.ts": {"path":"C:\\Users\\nzabe\\OneDrive\\Desktop\\academics\\Y3\\Practical\\umurava-challenge\\src\\app.ts","statementMap":{"0":{"start":{"line":1,"column":2},"end":{"line":1,"column":29}},"1":{"start":{"line":2,"column":2},"end":{"line":2,"column":38}},"2":{"start":{"line":3,"column":2},"end":{"line":3,"column":44}},"3":{"start":{"line":4,"column":2},"end":{"line":4,"column":32}},"4":{"start":{"line":5,"column":2},"end":{"line":5,"column":45}},"5":{"start":{"line":6,"column":2},"end":{"line":6,"column":49}},"6":{"start":{"line":7,"column":2},"end":{"line":7,"column":48}},"7":{"start":{"line":8,"column":2},"end":{"line":8,"column":51}},"8":{"start":{"line":9,"column":2},"end":{"line":9,"column":49}},"9":{"start":{"line":10,"column":2},"end":{"line":10,"column":48}},"10":{"start":{"line":11,"column":2},"end":{"line":11,"column":58}},"11":{"start":{"line":12,"column":2},"end":{"line":12,"column":62}},"12":{"start":{"line":13,"column":2},"end":{"line":13,"column":50}},"13":{"start":{"line":16,"column":14},"end":{"line":16,"column":23}},"14":{"start":{"line":17,"column":2},"end":{"line":17,"column":18}},"15":{"start":{"line":19,"column":2},"end":{"line":19,"column":29}},"16":{"start":{"line":20,"column":2},"end":{"line":20,"column":26}},"17":{"start":{"line":22,"column":2},"end":{"line":35,"column":5}},"18":{"start":{"line":23,"column":19},"end":{"line":23,"column":37}},"19":{"start":{"line":24,"column":4},"end":{"line":24,"column":67}},"20":{"start":{"line":25,"column":4},"end":{"line":25,"column":62}},"21":{"start":{"line":26,"column":4},"end":{"line":29,"column":6}},"22":{"start":{"line":30,"column":4},"end":{"line":33,"column":6}},"23":{"start":{"line":34,"column":4},"end":{"line":34,"column":11}},"24":{"start":{"line":37,"column":2},"end":{"line":40,"column":5}},"25":{"start":{"line":38,"column":4},"end":{"line":38,"column":66}},"26":{"start":{"line":39,"column":4},"end":{"line":39,"column":11}},"27":{"start":{"line":42,"column":2},"end":{"line":42,"column":31}},"28":{"start":{"line":43,"column":2},"end":{"line":43,"column":48}},"29":{"start":{"line":44,"column":2},"end":{"line":44,"column":41}},"30":{"start":{"line":46,"column":2},"end":{"line":48,"column":5}},"31":{"start":{"line":47,"column":4},"end":{"line":47,"column":28}},"32":{"start":{"line":50,"column":25},"end":{"line":93,"column":4}},"33":{"start":{"line":95,"column":22},"end":{"line":95,"column":50}},"34":{"start":{"line":97,"column":2},"end":{"line":97,"column":70}},"35":{"start":{"line":98,"column":2},"end":{"line":100,"column":5}},"36":{"start":{"line":98,"column":40},"end":{"line":100,"column":4}},"37":{"start":{"line":99,"column":4},"end":{"line":99,"column":54}},"38":{"start":{"line":102,"column":2},"end":{"line":102,"column":24}},"39":{"start":{"line":104,"column":2},"end":{"line":104,"column":21}}},"fnMap":{"0":{"name":"(anonymous_8)","decl":{"start":{"line":22,"column":10},"end":{"line":22,"column":11}},"loc":{"start":{"line":22,"column":29},"end":{"line":35,"column":3}}},"1":{"name":"(anonymous_9)","decl":{"start":{"line":37,"column":10},"end":{"line":37,"column":11}},"loc":{"start":{"line":37,"column":29},"end":{"line":40,"column":3}}},"2":{"name":"(anonymous_10)","decl":{"start":{"line":46,"column":15},"end":{"line":46,"column":16}},"loc":{"start":{"line":46,"column":28},"end":{"line":48,"column":3}}},"3":{"name":"(anonymous_11)","decl":{"start":{"line":98,"column":15},"end":{"line":98,"column":22}},"loc":{"start":{"line":98,"column":40},"end":{"line":100,"column":4}}},"4":{"name":"(anonymous_12)","decl":{"start":{"line":98,"column":40},"end":{"line":98,"column":null}},"loc":{"start":{"line":98,"column":40},"end":{"line":100,"column":3}}}},"branchMap":{"0":{"loc":{"start":{"line":24,"column":4},"end":{"line":24,"column":66}},"type":"binary-expr","locations":[{"start":{"line":24,"column":4},"end":{"line":24,"column":10}},{"start":{"line":24,"column":14},"end":{"line":24,"column":66}}]}},"s":{"0":1,"1":1,"2":1,"3":1,"4":1,"5":1,"6":1,"7":1,"8":1,"9":1,"10":1,"11":1,"12":1,"13":1,"14":1,"15":1,"16":1,"17":1,"18":1,"19":1,"20":1,"21":1,"22":1,"23":1,"24":1,"25":1,"26":1,"27":1,"28":1,"29":1,"30":1,"31":0,"32":1,"33":1,"34":1,"35":1,"36":1,"37":1,"38":1,"39":1},"f":{"0":1,"1":1,"2":0,"3":1,"4":1},"b":{"0":[1,0]}}
,"C:\\Users\\nzabe\\OneDrive\\Desktop\\academics\\Y3\\Practical\\umurava-challenge\\src\\controllers\\auth.controller.ts": {"path":"C:\\Users\\nzabe\\OneDrive\\Desktop\\academics\\Y3\\Practical\\umurava-challenge\\src\\controllers\\auth.controller.ts","statementMap":{"0":{"start":{"line":2,"column":0},"end":{"line":2,"column":50}},"1":{"start":{"line":3,"column":0},"end":{"line":3,"column":58}},"2":{"start":{"line":4,"column":0},"end":{"line":4,"column":51}},"3":{"start":{"line":42,"column":16},"end":{"line":42,"column":24}},"4":{"start":{"line":42,"column":62},"end":{"line":72,"column":4}},"5":{"start":{"line":43,"column":32},"end":{"line":43,"column":40}},"6":{"start":{"line":44,"column":4},"end":{"line":44,"column":46}},"7":{"start":{"line":45,"column":4},"end":{"line":71,"column":5}},"8":{"start":{"line":46,"column":19},"end":{"line":46,"column":52}},"9":{"start":{"line":47,"column":6},"end":{"line":49,"column":7}},"10":{"start":{"line":48,"column":8},"end":{"line":48,"column":72}},"11":{"start":{"line":50,"column":22},"end":{"line":50,"column":69}},"12":{"start":{"line":51,"column":6},"end":{"line":53,"column":7}},"13":{"start":{"line":52,"column":8},"end":{"line":52,"column":72}},"14":{"start":{"line":54,"column":20},"end":{"line":54,"column":57}},"15":{"start":{"line":56,"column":6},"end":{"line":66,"column":9}},"16":{"start":{"line":67,"column":6},"end":{"line":67,"column":70}},"17":{"start":{"line":69,"column":6},"end":{"line":69,"column":25}},"18":{"start":{"line":70,"column":6},"end":{"line":70,"column":65}},"19":{"start":{"line":105,"column":16},"end":{"line":105,"column":25}},"20":{"start":{"line":105,"column":63},"end":{"line":136,"column":4}},"21":{"start":{"line":106,"column":4},"end":{"line":135,"column":5}},"22":{"start":{"line":107,"column":40},"end":{"line":107,"column":48}},"23":{"start":{"line":108,"column":6},"end":{"line":110,"column":7}},"24":{"start":{"line":109,"column":8},"end":{"line":109,"column":72}},"25":{"start":{"line":111,"column":19},"end":{"line":111,"column":52}},"26":{"start":{"line":112,"column":6},"end":{"line":114,"column":7}},"27":{"start":{"line":113,"column":8},"end":{"line":113,"column":72}},"28":{"start":{"line":115,"column":22},"end":{"line":115,"column":73}},"29":{"start":{"line":117,"column":20},"end":{"line":119,"column":8}},"30":{"start":{"line":120,"column":6},"end":{"line":129,"column":9}},"31":{"start":{"line":131,"column":6},"end":{"line":131,"column":66}},"32":{"start":{"line":133,"column":6},"end":{"line":133,"column":25}},"33":{"start":{"line":134,"column":6},"end":{"line":134,"column":65}},"34":{"start":{"line":152,"column":16},"end":{"line":152,"column":33}},"35":{"start":{"line":152,"column":71},"end":{"line":171,"column":4}},"36":{"start":{"line":153,"column":4},"end":{"line":170,"column":5}},"37":{"start":{"line":154,"column":20},"end":{"line":154,"column":37}},"38":{"start":{"line":155,"column":6},"end":{"line":157,"column":7}},"39":{"start":{"line":156,"column":8},"end":{"line":156,"column":65}},"40":{"start":{"line":158,"column":21},"end":{"line":158,"column":45}},"41":{"start":{"line":159,"column":6},"end":{"line":161,"column":7}},"42":{"start":{"line":160,"column":8},"end":{"line":160,"column":65}},"43":{"start":{"line":162,"column":19},"end":{"line":162,"column":53}},"44":{"start":{"line":163,"column":6},"end":{"line":165,"column":7}},"45":{"start":{"line":164,"column":8},"end":{"line":164,"column":65}},"46":{"start":{"line":166,"column":6},"end":{"line":166,"column":43}},"47":{"start":{"line":168,"column":6},"end":{"line":168,"column":25}},"48":{"start":{"line":169,"column":6},"end":{"line":169,"column":65}},"49":{"start":{"line":187,"column":16},"end":{"line":187,"column":25}},"50":{"start":{"line":187,"column":63},"end":{"line":204,"column":4}},"51":{"start":{"line":188,"column":4},"end":{"line":203,"column":5}},"52":{"start":{"line":189,"column":6},"end":{"line":197,"column":9}},"53":{"start":{"line":199,"column":6},"end":{"line":199,"column":51}},"54":{"start":{"line":201,"column":6},"end":{"line":201,"column":25}},"55":{"start":{"line":202,"column":6},"end":{"line":202,"column":65}},"56":{"start":{"line":12,"column":21},"end":{"line":12,"column":null}}},"fnMap":{"0":{"name":"(anonymous_8)","decl":{"start":{"line":42,"column":24},"end":{"line":42,"column":31}},"loc":{"start":{"line":42,"column":62},"end":{"line":72,"column":4}}},"1":{"name":"(anonymous_9)","decl":{"start":{"line":42,"column":62},"end":{"line":42,"column":null}},"loc":{"start":{"line":42,"column":62},"end":{"line":72,"column":3}}},"2":{"name":"(anonymous_10)","decl":{"start":{"line":105,"column":25},"end":{"line":105,"column":32}},"loc":{"start":{"line":105,"column":63},"end":{"line":136,"column":4}}},"3":{"name":"(anonymous_11)","decl":{"start":{"line":105,"column":63},"end":{"line":105,"column":null}},"loc":{"start":{"line":105,"column":63},"end":{"line":136,"column":3}}},"4":{"name":"(anonymous_12)","decl":{"start":{"line":152,"column":33},"end":{"line":152,"column":40}},"loc":{"start":{"line":152,"column":71},"end":{"line":171,"column":4}}},"5":{"name":"(anonymous_13)","decl":{"start":{"line":152,"column":71},"end":{"line":152,"column":null}},"loc":{"start":{"line":152,"column":71},"end":{"line":171,"column":3}}},"6":{"name":"(anonymous_14)","decl":{"start":{"line":187,"column":25},"end":{"line":187,"column":32}},"loc":{"start":{"line":187,"column":63},"end":{"line":204,"column":4}}},"7":{"name":"(anonymous_15)","decl":{"start":{"line":187,"column":63},"end":{"line":187,"column":null}},"loc":{"start":{"line":187,"column":63},"end":{"line":204,"column":3}}}},"branchMap":{"0":{"loc":{"start":{"line":47,"column":6},"end":{"line":49,"column":7}},"type":"if","locations":[{"start":{"line":47,"column":6},"end":{"line":49,"column":7}}]},"1":{"loc":{"start":{"line":51,"column":6},"end":{"line":53,"column":7}},"type":"if","locations":[{"start":{"line":51,"column":6},"end":{"line":53,"column":7}}]},"2":{"loc":{"start":{"line":63,"column":10},"end":{"line":65,"column":37}},"type":"cond-expr","locations":[{"start":{"line":64,"column":14},"end":{"line":64,"column":25}},{"start":{"line":65,"column":14},"end":{"line":65,"column":37}}]},"3":{"loc":{"start":{"line":108,"column":6},"end":{"line":110,"column":7}},"type":"if","locations":[{"start":{"line":108,"column":6},"end":{"line":110,"column":7}}]},"4":{"loc":{"start":{"line":108,"column":10},"end":{"line":108,"column":38}},"type":"binary-expr","locations":[{"start":{"line":108,"column":10},"end":{"line":108,"column":15}},{"start":{"line":108,"column":19},"end":{"line":108,"column":25}},{"start":{"line":108,"column":29},"end":{"line":108,"column":38}}]},"5":{"loc":{"start":{"line":112,"column":6},"end":{"line":114,"column":7}},"type":"if","locations":[{"start":{"line":112,"column":6},"end":{"line":114,"column":7}}]},"6":{"loc":{"start":{"line":126,"column":10},"end":{"line":128,"column":37}},"type":"cond-expr","locations":[{"start":{"line":127,"column":14},"end":{"line":127,"column":25}},{"start":{"line":128,"column":14},"end":{"line":128,"column":37}}]},"7":{"loc":{"start":{"line":155,"column":6},"end":{"line":157,"column":7}},"type":"if","locations":[{"start":{"line":155,"column":6},"end":{"line":157,"column":7}}]},"8":{"loc":{"start":{"line":159,"column":6},"end":{"line":161,"column":7}},"type":"if","locations":[{"start":{"line":159,"column":6},"end":{"line":161,"column":7}}]},"9":{"loc":{"start":{"line":163,"column":6},"end":{"line":165,"column":7}},"type":"if","locations":[{"start":{"line":163,"column":6},"end":{"line":165,"column":7}}]},"10":{"loc":{"start":{"line":194,"column":10},"end":{"line":196,"column":37}},"type":"cond-expr","locations":[{"start":{"line":195,"column":14},"end":{"line":195,"column":25}},{"start":{"line":196,"column":14},"end":{"line":196,"column":37}}]}},"s":{"0":1,"1":1,"2":1,"3":1,"4":0,"5":0,"6":0,"7":0,"8":0,"9":0,"10":0,"11":0,"12":0,"13":0,"14":0,"15":0,"16":0,"17":0,"18":0,"19":1,"20":0,"21":0,"22":0,"23":0,"24":0,"25":0,"26":0,"27":0,"28":0,"29":0,"30":0,"31":0,"32":0,"33":0,"34":1,"35":0,"36":0,"37":0,"38":0,"39":0,"40":0,"41":0,"42":0,"43":0,"44":0,"45":0,"46":0,"47":0,"48":0,"49":1,"50":0,"51":0,"52":0,"53":0,"54":0,"55":0,"56":1},"f":{"0":0,"1":0,"2":0,"3":0,"4":0,"5":0,"6":0,"7":0},"b":{"0":[0],"1":[0],"2":[0,0],"3":[0],"4":[0,0,0],"5":[0],"6":[0,0],"7":[0],"8":[0],"9":[0],"10":[0,0]}}
,"C:\\Users\\nzabe\\OneDrive\\Desktop\\academics\\Y3\\Practical\\umurava-challenge\\src\\controllers\\challenge.controller.ts": {"path":"C:\\Users\\nzabe\\OneDrive\\Desktop\\academics\\Y3\\Practical\\umurava-challenge\\src\\controllers\\challenge.controller.ts","statementMap":{"0":{"start":{"line":2,"column":0},"end":{"line":2,"column":61}},"1":{"start":{"line":3,"column":0},"end":{"line":3,"column":41}},"2":{"start":{"line":62,"column":25},"end":{"line":62,"column":null}},"3":{"start":{"line":65,"column":61},"end":{"line":77,"column":4}},"4":{"start":{"line":66,"column":4},"end":{"line":76,"column":5}},"5":{"start":{"line":67,"column":24},"end":{"line":67,"column":72}},"6":{"start":{"line":68,"column":6},"end":{"line":72,"column":9}},"7":{"start":{"line":74,"column":6},"end":{"line":74,"column":65}},"8":{"start":{"line":75,"column":6},"end":{"line":75,"column":55}},"9":{"start":{"line":101,"column":16},"end":{"line":101,"column":35}},"10":{"start":{"line":101,"column":73},"end":{"line":113,"column":4}},"11":{"start":{"line":102,"column":4},"end":{"line":112,"column":5}},"12":{"start":{"line":103,"column":24},"end":{"line":103,"column":78}},"13":{"start":{"line":104,"column":6},"end":{"line":107,"column":7}},"14":{"start":{"line":105,"column":8},"end":{"line":105,"column":65}},"15":{"start":{"line":106,"column":8},"end":{"line":106,"column":45}},"16":{"start":{"line":108,"column":6},"end":{"line":108,"column":61}},"17":{"start":{"line":110,"column":6},"end":{"line":110,"column":65}},"18":{"start":{"line":111,"column":6},"end":{"line":111,"column":43}},"19":{"start":{"line":130,"column":16},"end":{"line":130,"column":35}},"20":{"start":{"line":130,"column":73},"end":{"line":138,"column":4}},"21":{"start":{"line":131,"column":4},"end":{"line":137,"column":5}},"22":{"start":{"line":132,"column":25},"end":{"line":132,"column":75}},"23":{"start":{"line":133,"column":6},"end":{"line":133,"column":62}},"24":{"start":{"line":135,"column":6},"end":{"line":135,"column":65}},"25":{"start":{"line":136,"column":6},"end":{"line":136,"column":55}},"26":{"start":{"line":198,"column":16},"end":{"line":198,"column":34}},"27":{"start":{"line":198,"column":72},"end":{"line":209,"column":4}},"28":{"start":{"line":199,"column":4},"end":{"line":208,"column":5}},"29":{"start":{"line":200,"column":24},"end":{"line":202,"column":null}},"30":{"start":{"line":204,"column":6},"end":{"line":204,"column":61}},"31":{"start":{"line":206,"column":6},"end":{"line":206,"column":65}},"32":{"start":{"line":207,"column":6},"end":{"line":207,"column":51}},"33":{"start":{"line":228,"column":16},"end":{"line":228,"column":36}},"34":{"start":{"line":228,"column":74},"end":{"line":237,"column":null}},"35":{"start":{"line":229,"column":4},"end":{"line":236,"column":5}},"36":{"start":{"line":231,"column":29},"end":{"line":231,"column":71}},"37":{"start":{"line":232,"column":6},"end":{"line":232,"column":66}},"38":{"start":{"line":234,"column":6},"end":{"line":234,"column":65}},"39":{"start":{"line":235,"column":6},"end":{"line":235,"column":51}},"40":{"start":{"line":260,"column":16},"end":{"line":260,"column":34}},"41":{"start":{"line":260,"column":72},"end":{"line":270,"column":4}},"42":{"start":{"line":261,"column":4},"end":{"line":269,"column":5}},"43":{"start":{"line":262,"column":24},"end":{"line":262,"column":77}},"44":{"start":{"line":263,"column":6},"end":{"line":265,"column":80}},"45":{"start":{"line":267,"column":6},"end":{"line":267,"column":61}},"46":{"start":{"line":268,"column":6},"end":{"line":268,"column":51}},"47":{"start":{"line":11,"column":21},"end":{"line":11,"column":null}}},"fnMap":{"0":{"name":"(anonymous_8)","decl":{"start":{"line":65,"column":23},"end":{"line":65,"column":30}},"loc":{"start":{"line":65,"column":61},"end":{"line":77,"column":4}}},"1":{"name":"(anonymous_9)","decl":{"start":{"line":65,"column":61},"end":{"line":65,"column":null}},"loc":{"start":{"line":65,"column":61},"end":{"line":77,"column":3}}},"2":{"name":"(anonymous_10)","decl":{"start":{"line":101,"column":35},"end":{"line":101,"column":42}},"loc":{"start":{"line":101,"column":73},"end":{"line":113,"column":4}}},"3":{"name":"(anonymous_11)","decl":{"start":{"line":101,"column":73},"end":{"line":101,"column":null}},"loc":{"start":{"line":101,"column":73},"end":{"line":113,"column":3}}},"4":{"name":"(anonymous_12)","decl":{"start":{"line":130,"column":35},"end":{"line":130,"column":42}},"loc":{"start":{"line":130,"column":73},"end":{"line":138,"column":4}}},"5":{"name":"(anonymous_13)","decl":{"start":{"line":130,"column":73},"end":{"line":130,"column":null}},"loc":{"start":{"line":130,"column":73},"end":{"line":138,"column":3}}},"6":{"name":"(anonymous_14)","decl":{"start":{"line":198,"column":34},"end":{"line":198,"column":41}},"loc":{"start":{"line":198,"column":72},"end":{"line":209,"column":4}}},"7":{"name":"(anonymous_15)","decl":{"start":{"line":198,"column":72},"end":{"line":198,"column":null}},"loc":{"start":{"line":198,"column":72},"end":{"line":209,"column":3}}},"8":{"name":"(anonymous_16)","decl":{"start":{"line":228,"column":36},"end":{"line":228,"column":43}},"loc":{"start":{"line":228,"column":74},"end":{"line":237,"column":null}}},"9":{"name":"(anonymous_17)","decl":{"start":{"line":228,"column":74},"end":{"line":228,"column":null}},"loc":{"start":{"line":228,"column":74},"end":{"line":237,"column":3}}},"10":{"name":"(anonymous_18)","decl":{"start":{"line":260,"column":34},"end":{"line":260,"column":41}},"loc":{"start":{"line":260,"column":72},"end":{"line":270,"column":4}}},"11":{"name":"(anonymous_19)","decl":{"start":{"line":260,"column":72},"end":{"line":260,"column":null}},"loc":{"start":{"line":260,"column":72},"end":{"line":270,"column":3}}}},"branchMap":{"0":{"loc":{"start":{"line":104,"column":6},"end":{"line":107,"column":7}},"type":"if","locations":[{"start":{"line":104,"column":6},"end":{"line":107,"column":7}}]},"1":{"loc":{"start":{"line":207,"column":28},"end":{"line":207,"column":42}},"type":"cond-expr","locations":[{"start":{"line":207,"column":33},"end":{"line":207,"column":35}},{"start":{"line":207,"column":28},"end":{"line":207,"column":42}}]},"2":{"loc":{"start":{"line":207,"column":28},"end":{"line":207,"column":35}},"type":"binary-expr","locations":[{"start":{"line":207,"column":28},"end":{"line":207,"column":35}},{"start":{"line":207,"column":28},"end":{"line":207,"column":35}}]},"3":{"loc":{"start":{"line":235,"column":28},"end":{"line":235,"column":42}},"type":"cond-expr","locations":[{"start":{"line":235,"column":33},"end":{"line":235,"column":35}},{"start":{"line":235,"column":28},"end":{"line":235,"column":42}}]},"4":{"loc":{"start":{"line":235,"column":28},"end":{"line":235,"column":35}},"type":"binary-expr","locations":[{"start":{"line":235,"column":28},"end":{"line":235,"column":35}},{"start":{"line":235,"column":28},"end":{"line":235,"column":35}}]},"5":{"loc":{"start":{"line":267,"column":41},"end":{"line":267,"column":55}},"type":"cond-expr","locations":[{"start":{"line":267,"column":46},"end":{"line":267,"column":48}},{"start":{"line":267,"column":41},"end":{"line":267,"column":55}}]},"6":{"loc":{"start":{"line":267,"column":41},"end":{"line":267,"column":48}},"type":"binary-expr","locations":[{"start":{"line":267,"column":41},"end":{"line":267,"column":48}},{"start":{"line":267,"column":41},"end":{"line":267,"column":48}}]},"7":{"loc":{"start":{"line":268,"column":28},"end":{"line":268,"column":42}},"type":"cond-expr","locations":[{"start":{"line":268,"column":33},"end":{"line":268,"column":35}},{"start":{"line":268,"column":28},"end":{"line":268,"column":42}}]},"8":{"loc":{"start":{"line":268,"column":28},"end":{"line":268,"column":35}},"type":"binary-expr","locations":[{"start":{"line":268,"column":28},"end":{"line":268,"column":35}},{"start":{"line":268,"column":28},"end":{"line":268,"column":35}}]}},"s":{"0":1,"1":1,"2":1,"3":0,"4":0,"5":0,"6":0,"7":0,"8":0,"9":1,"10":0,"11":0,"12":0,"13":0,"14":0,"15":0,"16":0,"17":0,"18":0,"19":1,"20":0,"21":0,"22":0,"23":0,"24":0,"25":0,"26":1,"27":0,"28":0,"29":0,"30":0,"31":0,"32":0,"33":1,"34":0,"35":0,"36":0,"37":0,"38":0,"39":0,"40":1,"41":0,"42":0,"43":0,"44":0,"45":0,"46":0,"47":1},"f":{"0":0,"1":0,"2":0,"3":0,"4":0,"5":0,"6":0,"7":0,"8":0,"9":0,"10":0,"11":0},"b":{"0":[0],"1":[0,0],"2":[0,0],"3":[0,0],"4":[0,0],"5":[0,0],"6":[0,0],"7":[0,0],"8":[0,0]}}
,"C:\\Users\\nzabe\\OneDrive\\Desktop\\academics\\Y3\\Practical\\umurava-challenge\\src\\controllers\\user.controller.ts": {"path":"C:\\Users\\nzabe\\OneDrive\\Desktop\\academics\\Y3\\Practical\\umurava-challenge\\src\\controllers\\user.controller.ts","statementMap":{"0":{"start":{"line":2,"column":0},"end":{"line":2,"column":50}},"1":{"start":{"line":3,"column":0},"end":{"line":3,"column":43}},"2":{"start":{"line":4,"column":0},"end":{"line":4,"column":48}},"3":{"start":{"line":5,"column":0},"end":{"line":5,"column":40}},"4":{"start":{"line":6,"column":0},"end":{"line":6,"column":51}},"5":{"start":{"line":7,"column":0},"end":{"line":7,"column":52}},"6":{"start":{"line":47,"column":16},"end":{"line":47,"column":32}},"7":{"start":{"line":47,"column":70},"end":{"line":73,"column":4}},"8":{"start":{"line":48,"column":4},"end":{"line":72,"column":5}},"9":{"start":{"line":49,"column":30},"end":{"line":49,"column":38}},"10":{"start":{"line":50,"column":20},"end":{"line":50,"column":37}},"11":{"start":{"line":51,"column":6},"end":{"line":53,"column":7}},"12":{"start":{"line":52,"column":8},"end":{"line":52,"column":65}},"13":{"start":{"line":54,"column":21},"end":{"line":54,"column":45}},"14":{"start":{"line":55,"column":19},"end":{"line":55,"column":53}},"15":{"start":{"line":56,"column":6},"end":{"line":58,"column":7}},"16":{"start":{"line":57,"column":8},"end":{"line":57,"column":65}},"17":{"start":{"line":60,"column":6},"end":{"line":62,"column":7}},"18":{"start":{"line":61,"column":8},"end":{"line":61,"column":25}},"19":{"start":{"line":63,"column":6},"end":{"line":65,"column":7}},"20":{"start":{"line":64,"column":8},"end":{"line":64,"column":27}},"21":{"start":{"line":66,"column":6},"end":{"line":66,"column":24}},"22":{"start":{"line":68,"column":6},"end":{"line":68,"column":63}},"23":{"start":{"line":70,"column":6},"end":{"line":70,"column":25}},"24":{"start":{"line":71,"column":6},"end":{"line":71,"column":65}},"25":{"start":{"line":106,"column":16},"end":{"line":106,"column":33}},"26":{"start":{"line":106,"column":71},"end":{"line":131,"column":4}},"27":{"start":{"line":107,"column":4},"end":{"line":130,"column":5}},"28":{"start":{"line":108,"column":47},"end":{"line":108,"column":55}},"29":{"start":{"line":109,"column":20},"end":{"line":109,"column":37}},"30":{"start":{"line":110,"column":6},"end":{"line":112,"column":7}},"31":{"start":{"line":111,"column":8},"end":{"line":111,"column":65}},"32":{"start":{"line":113,"column":21},"end":{"line":113,"column":45}},"33":{"start":{"line":114,"column":19},"end":{"line":114,"column":53}},"34":{"start":{"line":115,"column":6},"end":{"line":117,"column":7}},"35":{"start":{"line":116,"column":8},"end":{"line":116,"column":65}},"36":{"start":{"line":118,"column":22},"end":{"line":118,"column":75}},"37":{"start":{"line":119,"column":6},"end":{"line":121,"column":7}},"38":{"start":{"line":120,"column":8},"end":{"line":120,"column":72}},"39":{"start":{"line":122,"column":6},"end":{"line":122,"column":34}},"40":{"start":{"line":123,"column":6},"end":{"line":123,"column":24}},"41":{"start":{"line":124,"column":6},"end":{"line":124,"column":51}},"42":{"start":{"line":126,"column":6},"end":{"line":126,"column":25}},"43":{"start":{"line":127,"column":6},"end":{"line":129,"column":9}},"44":{"start":{"line":158,"column":16},"end":{"line":158,"column":39}},"45":{"start":{"line":158,"column":77},"end":{"line":199,"column":4}},"46":{"start":{"line":159,"column":4},"end":{"line":198,"column":5}},"47":{"start":{"line":160,"column":24},"end":{"line":160,"column":32}},"48":{"start":{"line":161,"column":6},"end":{"line":165,"column":7}},"49":{"start":{"line":162,"column":8},"end":{"line":164,"column":11}},"50":{"start":{"line":167,"column":19},"end":{"line":167,"column":55}},"51":{"start":{"line":168,"column":6},"end":{"line":172,"column":7}},"52":{"start":{"line":169,"column":8},"end":{"line":171,"column":11}},"53":{"start":{"line":174,"column":29},"end":{"line":174,"column":55}},"54":{"start":{"line":175,"column":6},"end":{"line":175,"column":64}},"55":{"start":{"line":176,"column":6},"end":{"line":176,"column":79}},"56":{"start":{"line":178,"column":6},"end":{"line":178,"column":24}},"57":{"start":{"line":179,"column":23},"end":{"line":183,"column":8}},"58":{"start":{"line":184,"column":6},"end":{"line":192,"column":7}},"59":{"start":{"line":185,"column":8},"end":{"line":187,"column":11}},"60":{"start":{"line":189,"column":8},"end":{"line":191,"column":11}},"61":{"start":{"line":194,"column":6},"end":{"line":194,"column":25}},"62":{"start":{"line":195,"column":6},"end":{"line":197,"column":9}},"63":{"start":{"line":232,"column":16},"end":{"line":232,"column":43}},"64":{"start":{"line":235,"column":6},"end":{"line":281,"column":4}},"65":{"start":{"line":236,"column":4},"end":{"line":280,"column":5}},"66":{"start":{"line":237,"column":30},"end":{"line":237,"column":38}},"67":{"start":{"line":238,"column":6},"end":{"line":245,"column":7}},"68":{"start":{"line":239,"column":8},"end":{"line":244,"column":11}},"69":{"start":{"line":247,"column":19},"end":{"line":247,"column":55}},"70":{"start":{"line":248,"column":6},"end":{"line":252,"column":7}},"71":{"start":{"line":249,"column":8},"end":{"line":251,"column":11}},"72":{"start":{"line":255,"column":6},"end":{"line":260,"column":7}},"73":{"start":{"line":256,"column":8},"end":{"line":259,"column":11}},"74":{"start":{"line":261,"column":6},"end":{"line":266,"column":7}},"75":{"start":{"line":262,"column":8},"end":{"line":265,"column":11}},"76":{"start":{"line":267,"column":6},"end":{"line":267,"column":46}},"77":{"start":{"line":268,"column":6},"end":{"line":268,"column":53}},"78":{"start":{"line":270,"column":6},"end":{"line":270,"column":24}},"79":{"start":{"line":272,"column":6},"end":{"line":274,"column":9}},"80":{"start":{"line":276,"column":6},"end":{"line":276,"column":25}},"81":{"start":{"line":277,"column":6},"end":{"line":279,"column":9}},"82":{"start":{"line":311,"column":16},"end":{"line":311,"column":32}},"83":{"start":{"line":311,"column":70},"end":{"line":337,"column":4}},"84":{"start":{"line":312,"column":4},"end":{"line":336,"column":5}},"85":{"start":{"line":313,"column":34},"end":{"line":313,"column":42}},"86":{"start":{"line":314,"column":6},"end":{"line":321,"column":7}},"87":{"start":{"line":315,"column":8},"end":{"line":320,"column":11}},"88":{"start":{"line":322,"column":19},"end":{"line":322,"column":55}},"89":{"start":{"line":323,"column":6},"end":{"line":327,"column":7}},"90":{"start":{"line":324,"column":8},"end":{"line":326,"column":11}},"91":{"start":{"line":328,"column":6},"end":{"line":328,"column":31}},"92":{"start":{"line":329,"column":6},"end":{"line":329,"column":24}},"93":{"start":{"line":331,"column":6},"end":{"line":333,"column":9}},"94":{"start":{"line":335,"column":6},"end":{"line":335,"column":25}},"95":{"start":{"line":15,"column":21},"end":{"line":15,"column":null}}},"fnMap":{"0":{"name":"(anonymous_8)","decl":{"start":{"line":47,"column":32},"end":{"line":47,"column":39}},"loc":{"start":{"line":47,"column":70},"end":{"line":73,"column":4}}},"1":{"name":"(anonymous_9)","decl":{"start":{"line":47,"column":70},"end":{"line":47,"column":null}},"loc":{"start":{"line":47,"column":70},"end":{"line":73,"column":3}}},"2":{"name":"(anonymous_10)","decl":{"start":{"line":106,"column":33},"end":{"line":106,"column":40}},"loc":{"start":{"line":106,"column":71},"end":{"line":131,"column":4}}},"3":{"name":"(anonymous_11)","decl":{"start":{"line":106,"column":71},"end":{"line":106,"column":null}},"loc":{"start":{"line":106,"column":71},"end":{"line":131,"column":3}}},"4":{"name":"(anonymous_12)","decl":{"start":{"line":158,"column":39},"end":{"line":158,"column":46}},"loc":{"start":{"line":158,"column":77},"end":{"line":199,"column":4}}},"5":{"name":"(anonymous_13)","decl":{"start":{"line":158,"column":77},"end":{"line":158,"column":null}},"loc":{"start":{"line":158,"column":77},"end":{"line":199,"column":3}}},"6":{"name":"(anonymous_14)","decl":{"start":{"line":232,"column":43},"end":{"line":232,"column":null}},"loc":{"start":{"line":235,"column":6},"end":{"line":281,"column":4}}},"7":{"name":"(anonymous_15)","decl":{"start":{"line":235,"column":6},"end":{"line":235,"column":null}},"loc":{"start":{"line":235,"column":6},"end":{"line":281,"column":3}}},"8":{"name":"(anonymous_16)","decl":{"start":{"line":311,"column":32},"end":{"line":311,"column":39}},"loc":{"start":{"line":311,"column":70},"end":{"line":337,"column":4}}},"9":{"name":"(anonymous_17)","decl":{"start":{"line":311,"column":70},"end":{"line":311,"column":null}},"loc":{"start":{"line":311,"column":70},"end":{"line":337,"column":3}}}},"branchMap":{"0":{"loc":{"start":{"line":51,"column":6},"end":{"line":53,"column":7}},"type":"if","locations":[{"start":{"line":51,"column":6},"end":{"line":53,"column":7}}]},"1":{"loc":{"start":{"line":56,"column":6},"end":{"line":58,"column":7}},"type":"if","locations":[{"start":{"line":56,"column":6},"end":{"line":58,"column":7}}]},"2":{"loc":{"start":{"line":60,"column":6},"end":{"line":62,"column":7}},"type":"if","locations":[{"start":{"line":60,"column":6},"end":{"line":62,"column":7}}]},"3":{"loc":{"start":{"line":63,"column":6},"end":{"line":65,"column":7}},"type":"if","locations":[{"start":{"line":63,"column":6},"end":{"line":65,"column":7}}]},"4":{"loc":{"start":{"line":110,"column":6},"end":{"line":112,"column":7}},"type":"if","locations":[{"start":{"line":110,"column":6},"end":{"line":112,"column":7}}]},"5":{"loc":{"start":{"line":115,"column":6},"end":{"line":117,"column":7}},"type":"if","locations":[{"start":{"line":115,"column":6},"end":{"line":117,"column":7}}]},"6":{"loc":{"start":{"line":119,"column":6},"end":{"line":121,"column":7}},"type":"if","locations":[{"start":{"line":119,"column":6},"end":{"line":121,"column":7}}]},"7":{"loc":{"start":{"line":161,"column":6},"end":{"line":165,"column":7}},"type":"if","locations":[{"start":{"line":161,"column":6},"end":{"line":165,"column":7}}]},"8":{"loc":{"start":{"line":168,"column":6},"end":{"line":172,"column":7}},"type":"if","locations":[{"start":{"line":168,"column":6},"end":{"line":172,"column":7}}]},"9":{"loc":{"start":{"line":184,"column":6},"end":{"line":192,"column":7}},"type":"if","locations":[{"start":{"line":184,"column":6},"end":{"line":192,"column":7}},{"start":{"line":188,"column":13},"end":{"line":192,"column":7}}]},"10":{"loc":{"start":{"line":238,"column":6},"end":{"line":245,"column":7}},"type":"if","locations":[{"start":{"line":238,"column":6},"end":{"line":245,"column":7}}]},"11":{"loc":{"start":{"line":238,"column":10},"end":{"line":238,"column":25}},"type":"binary-expr","locations":[{"start":{"line":238,"column":10},"end":{"line":238,"column":15}},{"start":{"line":238,"column":19},"end":{"line":238,"column":25}}]},"12":{"loc":{"start":{"line":241,"column":18},"end":{"line":241,"column":47}},"type":"cond-expr","locations":[{"start":{"line":241,"column":26},"end":{"line":241,"column":35}},{"start":{"line":241,"column":38},"end":{"line":241,"column":47}}]},"13":{"loc":{"start":{"line":242,"column":19},"end":{"line":242,"column":49}},"type":"cond-expr","locations":[{"start":{"line":242,"column":28},"end":{"line":242,"column":37}},{"start":{"line":242,"column":40},"end":{"line":242,"column":49}}]},"14":{"loc":{"start":{"line":248,"column":6},"end":{"line":252,"column":7}},"type":"if","locations":[{"start":{"line":248,"column":6},"end":{"line":252,"column":7}}]},"15":{"loc":{"start":{"line":255,"column":6},"end":{"line":260,"column":7}},"type":"if","locations":[{"start":{"line":255,"column":6},"end":{"line":260,"column":7}}]},"16":{"loc":{"start":{"line":261,"column":6},"end":{"line":266,"column":7}},"type":"if","locations":[{"start":{"line":261,"column":6},"end":{"line":266,"column":7}}]},"17":{"loc":{"start":{"line":314,"column":6},"end":{"line":321,"column":7}},"type":"if","locations":[{"start":{"line":314,"column":6},"end":{"line":321,"column":7}}]},"18":{"loc":{"start":{"line":314,"column":10},"end":{"line":314,"column":29}},"type":"binary-expr","locations":[{"start":{"line":314,"column":10},"end":{"line":314,"column":16}},{"start":{"line":314,"column":20},"end":{"line":314,"column":29}}]},"19":{"loc":{"start":{"line":317,"column":19},"end":{"line":317,"column":49}},"type":"cond-expr","locations":[{"start":{"line":317,"column":28},"end":{"line":317,"column":37}},{"start":{"line":317,"column":40},"end":{"line":317,"column":49}}]},"20":{"loc":{"start":{"line":318,"column":22},"end":{"line":318,"column":55}},"type":"cond-expr","locations":[{"start":{"line":318,"column":34},"end":{"line":318,"column":43}},{"start":{"line":318,"column":46},"end":{"line":318,"column":55}}]},"21":{"loc":{"start":{"line":323,"column":6},"end":{"line":327,"column":7}},"type":"if","locations":[{"start":{"line":323,"column":6},"end":{"line":327,"column":7}}]}},"s":{"0":1,"1":1,"2":1,"3":1,"4":1,"5":1,"6":1,"7":0,"8":0,"9":0,"10":0,"11":0,"12":0,"13":0,"14":0,"15":0,"16":0,"17":0,"18":0,"19":0,"20":0,"21":0,"22":0,"23":0,"24":0,"25":1,"26":0,"27":0,"28":0,"29":0,"30":0,"31":0,"32":0,"33":0,"34":0,"35":0,"36":0,"37":0,"38":0,"39":0,"40":0,"41":0,"42":0,"43":0,"44":1,"45":0,"46":0,"47":0,"48":0,"49":0,"50":0,"51":0,"52":0,"53":0,"54":0,"55":0,"56":0,"57":0,"58":0,"59":0,"60":0,"61":0,"62":0,"63":1,"64":0,"65":0,"66":0,"67":0,"68":0,"69":0,"70":0,"71":0,"72":0,"73":0,"74":0,"75":0,"76":0,"77":0,"78":0,"79":0,"80":0,"81":0,"82":1,"83":0,"84":0,"85":0,"86":0,"87":0,"88":0,"89":0,"90":0,"91":0,"92":0,"93":0,"94":0,"95":1},"f":{"0":0,"1":0,"2":0,"3":0,"4":0,"5":0,"6":0,"7":0,"8":0,"9":0},"b":{"0":[0],"1":[0],"2":[0],"3":[0],"4":[0],"5":[0],"6":[0],"7":[0],"8":[0],"9":[0,0],"10":[0],"11":[0,0],"12":[0,0],"13":[0,0],"14":[0],"15":[0],"16":[0],"17":[0],"18":[0,0],"19":[0,0],"20":[0,0],"21":[0]}}
,"C:\\Users\\nzabe\\OneDrive\\Desktop\\academics\\Y3\\Practical\\umurava-challenge\\src\\middlewares\\admin.middleware.ts": {"path":"C:\\Users\\nzabe\\OneDrive\\Desktop\\academics\\Y3\\Practical\\umurava-challenge\\src\\middlewares\\admin.middleware.ts","statementMap":{"0":{"start":{"line":3,"column":0},"end":{"line":3,"column":41}},"1":{"start":{"line":10,"column":19},"end":{"line":24,"column":1}},"2":{"start":{"line":11,"column":4},"end":{"line":23,"column":6}},"3":{"start":{"line":12,"column":25},"end":{"line":12,"column":52}},"4":{"start":{"line":13,"column":8},"end":{"line":15,"column":9}},"5":{"start":{"line":14,"column":12},"end":{"line":14,"column":69}},"6":{"start":{"line":16,"column":8},"end":{"line":16,"column":null}},"7":{"start":{"line":18,"column":8},"end":{"line":20,"column":9}},"8":{"start":{"line":19,"column":12},"end":{"line":19,"column":95}},"9":{"start":{"line":22,"column":8},"end":{"line":22,"column":15}},"10":{"start":{"line":26,"column":0},"end":{"line":26,"column":26}}},"fnMap":{"0":{"name":"(anonymous_1)","decl":{"start":{"line":10,"column":19},"end":{"line":10,"column":20}},"loc":{"start":{"line":10,"column":58},"end":{"line":24,"column":1}}},"1":{"name":"(anonymous_2)","decl":{"start":{"line":11,"column":11},"end":{"line":11,"column":12}},"loc":{"start":{"line":11,"column":30},"end":{"line":23,"column":5}}}},"branchMap":{"0":{"loc":{"start":{"line":13,"column":8},"end":{"line":15,"column":9}},"type":"if","locations":[{"start":{"line":13,"column":8},"end":{"line":15,"column":9}}]},"1":{"loc":{"start":{"line":18,"column":8},"end":{"line":20,"column":9}},"type":"if","locations":[{"start":{"line":18,"column":8},"end":{"line":20,"column":9}}]},"2":{"loc":{"start":{"line":18,"column":12},"end":{"line":18,"column":65}},"type":"binary-expr","locations":[{"start":{"line":18,"column":12},"end":{"line":18,"column":26}},{"start":{"line":18,"column":30},"end":{"line":18,"column":65}}]}},"s":{"0":1,"1":1,"2":4,"3":0,"4":0,"5":0,"6":0,"7":0,"8":0,"9":0,"10":1},"f":{"0":4,"1":0},"b":{"0":[0],"1":[0],"2":[0,0]}}
,"C:\\Users\\nzabe\\OneDrive\\Desktop\\academics\\Y3\\Practical\\umurava-challenge\\src\\middlewares\\auth.middleware.ts": {"path":"C:\\Users\\nzabe\\OneDrive\\Desktop\\academics\\Y3\\Practical\\umurava-challenge\\src\\middlewares\\auth.middleware.ts","statementMap":{"0":{"start":{"line":2,"column":0},"end":{"line":2,"column":43}},"1":{"start":{"line":3,"column":0},"end":{"line":3,"column":39}},"2":{"start":{"line":5,"column":24},"end":{"line":30,"column":2}},"3":{"start":{"line":5,"column":81},"end":{"line":30,"column":2}},"4":{"start":{"line":7,"column":2},"end":{"line":11,"column":3}},"5":{"start":{"line":8,"column":4},"end":{"line":8,"column":52}},"6":{"start":{"line":9,"column":9},"end":{"line":11,"column":3}},"7":{"start":{"line":10,"column":4},"end":{"line":10,"column":30}},"8":{"start":{"line":13,"column":2},"end":{"line":15,"column":3}},"9":{"start":{"line":14,"column":4},"end":{"line":14,"column":61}},"10":{"start":{"line":16,"column":18},"end":{"line":16,"column":36}},"11":{"start":{"line":19,"column":2},"end":{"line":21,"column":3}},"12":{"start":{"line":20,"column":4},"end":{"line":20,"column":61}},"13":{"start":{"line":23,"column":15},"end":{"line":23,"column":46}},"14":{"start":{"line":24,"column":2},"end":{"line":26,"column":3}},"15":{"start":{"line":25,"column":4},"end":{"line":25,"column":61}},"16":{"start":{"line":27,"column":2},"end":{"line":27,"column":18}},"17":{"start":{"line":29,"column":2},"end":{"line":29,"column":9}},"18":{"start":{"line":32,"column":0},"end":{"line":32,"column":31}}},"fnMap":{"0":{"name":"(anonymous_8)","decl":{"start":{"line":5,"column":24},"end":{"line":5,"column":30}},"loc":{"start":{"line":5,"column":81},"end":{"line":30,"column":2}}},"1":{"name":"(anonymous_9)","decl":{"start":{"line":5,"column":81},"end":{"line":5,"column":null}},"loc":{"start":{"line":5,"column":81},"end":{"line":30,"column":1}}}},"branchMap":{"0":{"loc":{"start":{"line":7,"column":2},"end":{"line":11,"column":3}},"type":"if","locations":[{"start":{"line":7,"column":2},"end":{"line":11,"column":3}},{"start":{"line":9,"column":9},"end":{"line":11,"column":3}}]},"1":{"loc":{"start":{"line":7,"column":6},"end":{"line":7,"column":53}},"type":"cond-expr","locations":[{"start":{"line":7,"column":31},"end":{"line":7,"column":33}},{"start":{"line":7,"column":31},"end":{"line":7,"column":53}}]},"2":{"loc":{"start":{"line":7,"column":6},"end":{"line":7,"column":33}},"type":"binary-expr","locations":[{"start":{"line":7,"column":6},"end":{"line":7,"column":33}},{"start":{"line":7,"column":31},"end":{"line":7,"column":33}}]},"3":{"loc":{"start":{"line":9,"column":9},"end":{"line":11,"column":3}},"type":"if","locations":[{"start":{"line":9,"column":9},"end":{"line":11,"column":3}}]},"4":{"loc":{"start":{"line":9,"column":13},"end":{"line":9,"column":31}},"type":"cond-expr","locations":[{"start":{"line":9,"column":24},"end":{"line":9,"column":26}},{"start":{"line":9,"column":24},"end":{"line":9,"column":31}}]},"5":{"loc":{"start":{"line":9,"column":13},"end":{"line":9,"column":26}},"type":"binary-expr","locations":[{"start":{"line":9,"column":13},"end":{"line":9,"column":26}},{"start":{"line":9,"column":24},"end":{"line":9,"column":26}}]},"6":{"loc":{"start":{"line":13,"column":2},"end":{"line":15,"column":3}},"type":"if","locations":[{"start":{"line":13,"column":2},"end":{"line":15,"column":3}}]},"7":{"loc":{"start":{"line":19,"column":2},"end":{"line":21,"column":3}},"type":"if","locations":[{"start":{"line":19,"column":2},"end":{"line":21,"column":3}}]},"8":{"loc":{"start":{"line":24,"column":2},"end":{"line":26,"column":3}},"type":"if","locations":[{"start":{"line":24,"column":2},"end":{"line":26,"column":3}}]}},"s":{"0":1,"1":1,"2":1,"3":0,"4":0,"5":0,"6":0,"7":0,"8":0,"9":0,"10":0,"11":0,"12":0,"13":0,"14":0,"15":0,"16":0,"17":0,"18":1},"f":{"0":0,"1":0},"b":{"0":[0,0],"1":[0,0],"2":[0,0],"3":[0],"4":[0,0],"5":[0,0],"6":[0],"7":[0],"8":[0]}}
,"C:\\Users\\nzabe\\OneDrive\\Desktop\\academics\\Y3\\Practical\\umurava-challenge\\src\\models\\challenge.model.ts": {"path":"C:\\Users\\nzabe\\OneDrive\\Desktop\\academics\\Y3\\Practical\\umurava-challenge\\src\\models\\challenge.model.ts","statementMap":{"0":{"start":{"line":1,"column":0},"end":{"line":1,"column":32}},"1":{"start":{"line":3,"column":18},"end":{"line":53,"column":null}},"2":{"start":{"line":56,"column":0},"end":{"line":56,"column":54}}},"fnMap":{},"branchMap":{},"s":{"0":2,"1":2,"2":2},"f":{},"b":{}}
,"C:\\Users\\nzabe\\OneDrive\\Desktop\\academics\\Y3\\Practical\\umurava-challenge\\src\\models\\user.model.ts": {"path":"C:\\Users\\nzabe\\OneDrive\\Desktop\\academics\\Y3\\Practical\\umurava-challenge\\src\\models\\user.model.ts","statementMap":{"0":{"start":{"line":1,"column":0},"end":{"line":1,"column":38}},"1":{"start":{"line":2,"column":0},"end":{"line":2,"column":47}},"2":{"start":{"line":4,"column":13},"end":{"line":36,"column":null}},"3":{"start":{"line":39,"column":0},"end":{"line":45,"column":3}},"4":{"start":{"line":40,"column":15},"end":{"line":40,"column":19}},"5":{"start":{"line":41,"column":2},"end":{"line":43,"column":3}},"6":{"start":{"line":42,"column":4},"end":{"line":42,"column":55}},"7":{"start":{"line":44,"column":2},"end":{"line":44,"column":9}},"8":{"start":{"line":47,"column":0},"end":{"line":47,"column":44}}},"fnMap":{"0":{"name":"(anonymous_7)","decl":{"start":{"line":39,"column":17},"end":{"line":39,"column":33}},"loc":{"start":{"line":39,"column":37},"end":{"line":45,"column":2}}}},"branchMap":{"0":{"loc":{"start":{"line":41,"column":2},"end":{"line":43,"column":3}},"type":"if","locations":[{"start":{"line":41,"column":2},"end":{"line":43,"column":3}}]}},"s":{"0":1,"1":1,"2":1,"3":1,"4":0,"5":0,"6":0,"7":0,"8":1},"f":{"0":0},"b":{"0":[0]}}
,"C:\\Users\\nzabe\\OneDrive\\Desktop\\academics\\Y3\\Practical\\umurava-challenge\\src\\routes\\auth.routes.ts": {"path":"C:\\Users\\nzabe\\OneDrive\\Desktop\\academics\\Y3\\Practical\\umurava-challenge\\src\\routes\\auth.routes.ts","statementMap":{"0":{"start":{"line":1,"column":0},"end":{"line":1,"column":36}},"1":{"start":{"line":2,"column":0},"end":{"line":2,"column":60}},"2":{"start":{"line":4,"column":15},"end":{"line":4,"column":31}},"3":{"start":{"line":6,"column":0},"end":{"line":6,"column":44}},"4":{"start":{"line":7,"column":0},"end":{"line":7,"column":46}},"5":{"start":{"line":8,"column":0},"end":{"line":8,"column":49}},"6":{"start":{"line":9,"column":0},"end":{"line":9,"column":46}},"7":{"start":{"line":11,"column":19},"end":{"line":11,"column":25}},"8":{"start":{"line":12,"column":0},"end":{"line":12,"column":26}}},"fnMap":{},"branchMap":{},"s":{"0":1,"1":1,"2":1,"3":1,"4":1,"5":1,"6":1,"7":1,"8":1},"f":{},"b":{}}
,"C:\\Users\\nzabe\\OneDrive\\Desktop\\academics\\Y3\\Practical\\umurava-challenge\\src\\routes\\challenge.routes.ts": {"path":"C:\\Users\\nzabe\\OneDrive\\Desktop\\academics\\Y3\\Practical\\umurava-challenge\\src\\routes\\challenge.routes.ts","statementMap":{"0":{"start":{"line":1,"column":0},"end":{"line":1,"column":36}},"1":{"start":{"line":2,"column":0},"end":{"line":2,"column":70}},"2":{"start":{"line":3,"column":0},"end":{"line":3,"column":61}},"3":{"start":{"line":4,"column":0},"end":{"line":4,"column":57}},"4":{"start":{"line":6,"column":15},"end":{"line":6,"column":31}},"5":{"start":{"line":9,"column":0},"end":{"line":9,"column":98}},"6":{"start":{"line":10,"column":0},"end":{"line":10,"column":98}},"7":{"start":{"line":11,"column":0},"end":{"line":11,"column":78}},"8":{"start":{"line":12,"column":0},"end":{"line":12,"column":77}},"9":{"start":{"line":13,"column":0},"end":{"line":13,"column":100}},"10":{"start":{"line":14,"column":0},"end":{"line":14,"column":103}},"11":{"start":{"line":16,"column":24},"end":{"line":16,"column":30}},"12":{"start":{"line":17,"column":0},"end":{"line":17,"column":31}}},"fnMap":{},"branchMap":{},"s":{"0":1,"1":1,"2":1,"3":1,"4":1,"5":1,"6":1,"7":1,"8":1,"9":1,"10":1,"11":1,"12":1},"f":{},"b":{}}
,"C:\\Users\\nzabe\\OneDrive\\Desktop\\academics\\Y3\\Practical\\umurava-challenge\\src\\routes\\user.routes.ts": {"path":"C:\\Users\\nzabe\\OneDrive\\Desktop\\academics\\Y3\\Practical\\umurava-challenge\\src\\routes\\user.routes.ts","statementMap":{"0":{"start":{"line":1,"column":0},"end":{"line":1,"column":36}},"1":{"start":{"line":2,"column":0},"end":{"line":2,"column":60}},"2":{"start":{"line":4,"column":15},"end":{"line":4,"column":31}},"3":{"start":{"line":6,"column":0},"end":{"line":6,"column":52}},"4":{"start":{"line":7,"column":0},"end":{"line":7,"column":62}},"5":{"start":{"line":8,"column":0},"end":{"line":8,"column":76}},"6":{"start":{"line":9,"column":0},"end":{"line":9,"column":61}},"7":{"start":{"line":10,"column":0},"end":{"line":13,"column":2}},"8":{"start":{"line":15,"column":19},"end":{"line":15,"column":25}},"9":{"start":{"line":16,"column":0},"end":{"line":16,"column":26}}},"fnMap":{},"branchMap":{},"s":{"0":1,"1":1,"2":1,"3":1,"4":1,"5":1,"6":1,"7":1,"8":1,"9":1},"f":{},"b":{}}
,"C:\\Users\\nzabe\\OneDrive\\Desktop\\academics\\Y3\\Practical\\umurava-challenge\\src\\services\\challenge.service.ts": {"path":"C:\\Users\\nzabe\\OneDrive\\Desktop\\academics\\Y3\\Practical\\umurava-challenge\\src\\services\\challenge.service.ts","statementMap":{"0":{"start":{"line":1,"column":0},"end":{"line":1,"column":35}},"1":{"start":{"line":2,"column":0},"end":{"line":2,"column":50}},"2":{"start":{"line":3,"column":0},"end":{"line":3,"column":47}},"3":{"start":{"line":17,"column":16},"end":{"line":17,"column":34}},"4":{"start":{"line":17,"column":64},"end":{"line":62,"column":4}},"5":{"start":{"line":27,"column":8},"end":{"line":27,"column":12}},"6":{"start":{"line":28,"column":4},"end":{"line":61,"column":5}},"7":{"start":{"line":30,"column":6},"end":{"line":32,"column":7}},"8":{"start":{"line":31,"column":8},"end":{"line":31,"column":49}},"9":{"start":{"line":34,"column":24},"end":{"line":34,"column":34}},"10":{"start":{"line":37,"column":20},"end":{"line":37,"column":39}},"11":{"start":{"line":38,"column":18},"end":{"line":38,"column":46}},"12":{"start":{"line":39,"column":6},"end":{"line":41,"column":7}},"13":{"start":{"line":40,"column":8},"end":{"line":40,"column":73}},"14":{"start":{"line":43,"column":29},"end":{"line":43,"column":78}},"15":{"start":{"line":45,"column":24},"end":{"line":56,"column":8}},"16":{"start":{"line":57,"column":6},"end":{"line":57,"column":23}},"17":{"start":{"line":59,"column":6},"end":{"line":59,"column":64}},"18":{"start":{"line":60,"column":6},"end":{"line":60,"column":16}},"19":{"start":{"line":64,"column":16},"end":{"line":64,"column":35}},"20":{"start":{"line":64,"column":56},"end":{"line":71,"column":4}},"21":{"start":{"line":65,"column":4},"end":{"line":70,"column":5}},"22":{"start":{"line":66,"column":24},"end":{"line":66,"column":52}},"23":{"start":{"line":67,"column":6},"end":{"line":67,"column":23}},"24":{"start":{"line":69,"column":6},"end":{"line":69,"column":18}},"25":{"start":{"line":73,"column":16},"end":{"line":73,"column":35}},"26":{"start":{"line":73,"column":56},"end":{"line":86,"column":4}},"27":{"start":{"line":74,"column":4},"end":{"line":85,"column":5}},"28":{"start":{"line":75,"column":23},"end":{"line":79,"column":17}},"29":{"start":{"line":80,"column":25},"end":{"line":80,"column":45}},"30":{"start":{"line":81,"column":6},"end":{"line":81,"column":24}},"31":{"start":{"line":83,"column":6},"end":{"line":83,"column":70}},"32":{"start":{"line":84,"column":6},"end":{"line":84,"column":18}},"33":{"start":{"line":88,"column":16},"end":{"line":88,"column":34}},"34":{"start":{"line":88,"column":76},"end":{"line":102,"column":4}},"35":{"start":{"line":89,"column":4},"end":{"line":101,"column":5}},"36":{"start":{"line":90,"column":24},"end":{"line":93,"column":8}},"37":{"start":{"line":95,"column":6},"end":{"line":97,"column":7}},"38":{"start":{"line":96,"column":8},"end":{"line":96,"column":47}},"39":{"start":{"line":99,"column":6},"end":{"line":99,"column":66}},"40":{"start":{"line":100,"column":6},"end":{"line":100,"column":18}},"41":{"start":{"line":104,"column":16},"end":{"line":104,"column":34}},"42":{"start":{"line":104,"column":55},"end":{"line":114,"column":4}},"43":{"start":{"line":105,"column":4},"end":{"line":113,"column":5}},"44":{"start":{"line":106,"column":24},"end":{"line":106,"column":61}},"45":{"start":{"line":107,"column":6},"end":{"line":109,"column":7}},"46":{"start":{"line":108,"column":8},"end":{"line":108,"column":47}},"47":{"start":{"line":111,"column":6},"end":{"line":111,"column":66}},"48":{"start":{"line":112,"column":6},"end":{"line":112,"column":18}},"49":{"start":{"line":116,"column":16},"end":{"line":116,"column":36}},"50":{"start":{"line":116,"column":47},"end":{"line":141,"column":4}},"51":{"start":{"line":117,"column":4},"end":{"line":140,"column":5}},"52":{"start":{"line":118,"column":20},"end":{"line":125,"column":8}},"53":{"start":{"line":127,"column":29},"end":{"line":130,"column":12}},"54":{"start":{"line":128,"column":8},"end":{"line":128,"column":35}},"55":{"start":{"line":129,"column":8},"end":{"line":129,"column":19}},"56":{"start":{"line":132,"column":6},"end":{"line":136,"column":8}},"57":{"start":{"line":138,"column":6},"end":{"line":138,"column":71}},"58":{"start":{"line":139,"column":6},"end":{"line":139,"column":18}},"59":{"start":{"line":145,"column":16},"end":{"line":145,"column":40}},"60":{"start":{"line":145,"column":51},"end":{"line":165,"column":4}},"61":{"start":{"line":146,"column":4},"end":{"line":164,"column":7}},"62":{"start":{"line":146,"column":42},"end":{"line":164,"column":6}},"63":{"start":{"line":147,"column":6},"end":{"line":163,"column":7}},"64":{"start":{"line":148,"column":20},"end":{"line":148,"column":30}},"65":{"start":{"line":150,"column":8},"end":{"line":153,"column":10}},"66":{"start":{"line":155,"column":8},"end":{"line":158,"column":10}},"67":{"start":{"line":159,"column":8},"end":{"line":159,"column":64}},"68":{"start":{"line":161,"column":8},"end":{"line":161,"column":75}},"69":{"start":{"line":162,"column":8},"end":{"line":162,"column":20}},"70":{"start":{"line":16,"column":21},"end":{"line":16,"column":null}},"71":{"start":{"line":168,"column":0},"end":{"line":168,"column":41}}},"fnMap":{"0":{"name":"(anonymous_8)","decl":{"start":{"line":17,"column":34},"end":{"line":17,"column":41}},"loc":{"start":{"line":17,"column":64},"end":{"line":62,"column":4}}},"1":{"name":"(anonymous_9)","decl":{"start":{"line":17,"column":64},"end":{"line":17,"column":null}},"loc":{"start":{"line":17,"column":64},"end":{"line":62,"column":3}}},"2":{"name":"(anonymous_10)","decl":{"start":{"line":64,"column":35},"end":{"line":64,"column":42}},"loc":{"start":{"line":64,"column":56},"end":{"line":71,"column":4}}},"3":{"name":"(anonymous_11)","decl":{"start":{"line":64,"column":56},"end":{"line":64,"column":null}},"loc":{"start":{"line":64,"column":56},"end":{"line":71,"column":3}}},"4":{"name":"(anonymous_12)","decl":{"start":{"line":73,"column":35},"end":{"line":73,"column":42}},"loc":{"start":{"line":73,"column":56},"end":{"line":86,"column":4}}},"5":{"name":"(anonymous_13)","decl":{"start":{"line":73,"column":56},"end":{"line":73,"column":null}},"loc":{"start":{"line":73,"column":56},"end":{"line":86,"column":3}}},"6":{"name":"(anonymous_14)","decl":{"start":{"line":88,"column":34},"end":{"line":88,"column":41}},"loc":{"start":{"line":88,"column":76},"end":{"line":102,"column":4}}},"7":{"name":"(anonymous_15)","decl":{"start":{"line":88,"column":76},"end":{"line":88,"column":null}},"loc":{"start":{"line":88,"column":76},"end":{"line":102,"column":3}}},"8":{"name":"(anonymous_16)","decl":{"start":{"line":104,"column":34},"end":{"line":104,"column":41}},"loc":{"start":{"line":104,"column":55},"end":{"line":114,"column":4}}},"9":{"name":"(anonymous_17)","decl":{"start":{"line":104,"column":55},"end":{"line":104,"column":null}},"loc":{"start":{"line":104,"column":55},"end":{"line":114,"column":3}}},"10":{"name":"(anonymous_18)","decl":{"start":{"line":116,"column":36},"end":{"line":116,"column":45}},"loc":{"start":{"line":116,"column":47},"end":{"line":141,"column":4}}},"11":{"name":"(anonymous_19)","decl":{"start":{"line":116,"column":47},"end":{"line":116,"column":null}},"loc":{"start":{"line":116,"column":47},"end":{"line":141,"column":3}}},"12":{"name":"(anonymous_20)","decl":{"start":{"line":127,"column":42},"end":{"line":127,"column":43}},"loc":{"start":{"line":127,"column":66},"end":{"line":130,"column":7}}},"13":{"name":"(anonymous_21)","decl":{"start":{"line":145,"column":40},"end":{"line":145,"column":49}},"loc":{"start":{"line":145,"column":51},"end":{"line":165,"column":4}}},"14":{"name":"(anonymous_22)","decl":{"start":{"line":145,"column":51},"end":{"line":145,"column":null}},"loc":{"start":{"line":145,"column":51},"end":{"line":165,"column":3}}},"15":{"name":"(anonymous_23)","decl":{"start":{"line":146,"column":31},"end":{"line":146,"column":40}},"loc":{"start":{"line":146,"column":42},"end":{"line":164,"column":6}}},"16":{"name":"(anonymous_24)","decl":{"start":{"line":146,"column":42},"end":{"line":146,"column":null}},"loc":{"start":{"line":146,"column":42},"end":{"line":164,"column":5}}}},"branchMap":{"0":{"loc":{"start":{"line":30,"column":6},"end":{"line":32,"column":7}},"type":"if","locations":[{"start":{"line":30,"column":6},"end":{"line":32,"column":7}}]},"1":{"loc":{"start":{"line":39,"column":6},"end":{"line":41,"column":7}},"type":"if","locations":[{"start":{"line":39,"column":6},"end":{"line":41,"column":7}}]},"2":{"loc":{"start":{"line":59,"column":50},"end":{"line":59,"column":62}},"type":"cond-expr","locations":[{"start":{"line":59,"column":53},"end":{"line":59,"column":55}},{"start":{"line":59,"column":50},"end":{"line":59,"column":62}}]},"3":{"loc":{"start":{"line":59,"column":50},"end":{"line":59,"column":55}},"type":"binary-expr","locations":[{"start":{"line":59,"column":50},"end":{"line":59,"column":55}},{"start":{"line":59,"column":50},"end":{"line":59,"column":55}}]},"4":{"loc":{"start":{"line":83,"column":54},"end":{"line":83,"column":68}},"type":"cond-expr","locations":[{"start":{"line":83,"column":59},"end":{"line":83,"column":61}},{"start":{"line":83,"column":54},"end":{"line":83,"column":68}}]},"5":{"loc":{"start":{"line":83,"column":54},"end":{"line":83,"column":61}},"type":"binary-expr","locations":[{"start":{"line":83,"column":54},"end":{"line":83,"column":61}},{"start":{"line":83,"column":54},"end":{"line":83,"column":61}}]},"6":{"loc":{"start":{"line":95,"column":6},"end":{"line":97,"column":7}},"type":"if","locations":[{"start":{"line":95,"column":6},"end":{"line":97,"column":7}}]},"7":{"loc":{"start":{"line":99,"column":50},"end":{"line":99,"column":64}},"type":"cond-expr","locations":[{"start":{"line":99,"column":55},"end":{"line":99,"column":57}},{"start":{"line":99,"column":50},"end":{"line":99,"column":64}}]},"8":{"loc":{"start":{"line":99,"column":50},"end":{"line":99,"column":57}},"type":"binary-expr","locations":[{"start":{"line":99,"column":50},"end":{"line":99,"column":57}},{"start":{"line":99,"column":50},"end":{"line":99,"column":57}}]},"9":{"loc":{"start":{"line":107,"column":6},"end":{"line":109,"column":7}},"type":"if","locations":[{"start":{"line":107,"column":6},"end":{"line":109,"column":7}}]},"10":{"loc":{"start":{"line":111,"column":50},"end":{"line":111,"column":64}},"type":"cond-expr","locations":[{"start":{"line":111,"column":55},"end":{"line":111,"column":57}},{"start":{"line":111,"column":50},"end":{"line":111,"column":64}}]},"11":{"loc":{"start":{"line":111,"column":50},"end":{"line":111,"column":57}},"type":"binary-expr","locations":[{"start":{"line":111,"column":50},"end":{"line":111,"column":57}},{"start":{"line":111,"column":50},"end":{"line":111,"column":57}}]},"12":{"loc":{"start":{"line":133,"column":22},"end":{"line":133,"column":49}},"type":"binary-expr","locations":[{"start":{"line":133,"column":22},"end":{"line":133,"column":44}},{"start":{"line":133,"column":48},"end":{"line":133,"column":49}}]},"13":{"loc":{"start":{"line":134,"column":24},"end":{"line":134,"column":53}},"type":"binary-expr","locations":[{"start":{"line":134,"column":24},"end":{"line":134,"column":48}},{"start":{"line":134,"column":52},"end":{"line":134,"column":53}}]},"14":{"loc":{"start":{"line":135,"column":19},"end":{"line":135,"column":43}},"type":"binary-expr","locations":[{"start":{"line":135,"column":19},"end":{"line":135,"column":38}},{"start":{"line":135,"column":42},"end":{"line":135,"column":43}}]},"15":{"loc":{"start":{"line":138,"column":55},"end":{"line":138,"column":69}},"type":"cond-expr","locations":[{"start":{"line":138,"column":60},"end":{"line":138,"column":62}},{"start":{"line":138,"column":55},"end":{"line":138,"column":69}}]},"16":{"loc":{"start":{"line":138,"column":55},"end":{"line":138,"column":62}},"type":"binary-expr","locations":[{"start":{"line":138,"column":55},"end":{"line":138,"column":62}},{"start":{"line":138,"column":55},"end":{"line":138,"column":62}}]},"17":{"loc":{"start":{"line":161,"column":59},"end":{"line":161,"column":73}},"type":"cond-expr","locations":[{"start":{"line":161,"column":64},"end":{"line":161,"column":66}},{"start":{"line":161,"column":59},"end":{"line":161,"column":73}}]},"18":{"loc":{"start":{"line":161,"column":59},"end":{"line":161,"column":66}},"type":"binary-expr","locations":[{"start":{"line":161,"column":59},"end":{"line":161,"column":66}},{"start":{"line":161,"column":59},"end":{"line":161,"column":66}}]}},"s":{"0":2,"1":2,"2":2,"3":2,"4":4,"5":4,"6":4,"7":4,"8":1,"9":3,"10":3,"11":3,"12":3,"13":1,"14":2,"15":2,"16":2,"17":2,"18":2,"19":2,"20":1,"21":1,"22":1,"23":1,"24":0,"25":2,"26":0,"27":0,"28":0,"29":0,"30":0,"31":0,"32":0,"33":2,"34":0,"35":0,"36":0,"37":0,"38":0,"39":0,"40":0,"41":2,"42":0,"43":0,"44":0,"45":0,"46":0,"47":0,"48":0,"49":2,"50":0,"51":0,"52":0,"53":0,"54":0,"55":0,"56":0,"57":0,"58":0,"59":2,"60":2,"61":2,"62":0,"63":0,"64":0,"65":0,"66":0,"67":0,"68":0,"69":0,"70":2,"71":2},"f":{"0":4,"1":4,"2":1,"3":1,"4":0,"5":0,"6":0,"7":0,"8":0,"9":0,"10":0,"11":0,"12":0,"13":2,"14":2,"15":0,"16":0},"b":{"0":[1],"1":[1],"2":[0,2],"3":[2,2],"4":[0,0],"5":[0,0],"6":[0],"7":[0,0],"8":[0,0],"9":[0],"10":[0,0],"11":[0,0],"12":[0,0],"13":[0,0],"14":[0,0],"15":[0,0],"16":[0,0],"17":[0,0],"18":[0,0]}}
,"C:\\Users\\nzabe\\OneDrive\\Desktop\\academics\\Y3\\Practical\\umurava-challenge\\src\\services\\user.service.ts": {"path":"C:\\Users\\nzabe\\OneDrive\\Desktop\\academics\\Y3\\Practical\\umurava-challenge\\src\\services\\user.service.ts","statementMap":{"0":{"start":{"line":1,"column":0},"end":{"line":1,"column":40}},"1":{"start":{"line":4,"column":16},"end":{"line":4,"column":27}},"2":{"start":{"line":4,"column":51},"end":{"line":12,"column":4}},"3":{"start":{"line":5,"column":4},"end":{"line":11,"column":5}},"4":{"start":{"line":6,"column":19},"end":{"line":6,"column":48}},"5":{"start":{"line":7,"column":6},"end":{"line":7,"column":18}},"6":{"start":{"line":9,"column":6},"end":{"line":9,"column":50}},"7":{"start":{"line":10,"column":6},"end":{"line":10,"column":16}},"8":{"start":{"line":14,"column":16},"end":{"line":14,"column":31}},"9":{"start":{"line":14,"column":52},"end":{"line":22,"column":4}},"10":{"start":{"line":15,"column":4},"end":{"line":21,"column":5}},"11":{"start":{"line":16,"column":19},"end":{"line":16,"column":36}},"12":{"start":{"line":17,"column":6},"end":{"line":17,"column":18}},"13":{"start":{"line":19,"column":6},"end":{"line":19,"column":52}},"14":{"start":{"line":20,"column":6},"end":{"line":20,"column":18}},"15":{"start":{"line":24,"column":16},"end":{"line":24,"column":29}},"16":{"start":{"line":28,"column":6},"end":{"line":40,"column":4}},"17":{"start":{"line":29,"column":4},"end":{"line":39,"column":5}},"18":{"start":{"line":30,"column":19},"end":{"line":34,"column":8}},"19":{"start":{"line":35,"column":6},"end":{"line":35,"column":18}},"20":{"start":{"line":37,"column":6},"end":{"line":37,"column":51}},"21":{"start":{"line":38,"column":6},"end":{"line":38,"column":16}},"22":{"start":{"line":3,"column":21},"end":{"line":3,"column":null}}},"fnMap":{"0":{"name":"(anonymous_8)","decl":{"start":{"line":4,"column":27},"end":{"line":4,"column":34}},"loc":{"start":{"line":4,"column":51},"end":{"line":12,"column":4}}},"1":{"name":"(anonymous_9)","decl":{"start":{"line":4,"column":51},"end":{"line":4,"column":null}},"loc":{"start":{"line":4,"column":51},"end":{"line":12,"column":3}}},"2":{"name":"(anonymous_10)","decl":{"start":{"line":14,"column":31},"end":{"line":14,"column":38}},"loc":{"start":{"line":14,"column":52},"end":{"line":22,"column":4}}},"3":{"name":"(anonymous_11)","decl":{"start":{"line":14,"column":52},"end":{"line":14,"column":null}},"loc":{"start":{"line":14,"column":52},"end":{"line":22,"column":3}}},"4":{"name":"(anonymous_12)","decl":{"start":{"line":24,"column":29},"end":{"line":24,"column":null}},"loc":{"start":{"line":28,"column":6},"end":{"line":40,"column":4}}},"5":{"name":"(anonymous_13)","decl":{"start":{"line":28,"column":6},"end":{"line":28,"column":null}},"loc":{"start":{"line":28,"column":6},"end":{"line":40,"column":3}}}},"branchMap":{},"s":{"0":1,"1":1,"2":0,"3":0,"4":0,"5":0,"6":0,"7":0,"8":1,"9":0,"10":0,"11":0,"12":0,"13":0,"14":0,"15":1,"16":0,"17":0,"18":0,"19":0,"20":0,"21":0,"22":1},"f":{"0":0,"1":0,"2":0,"3":0,"4":0,"5":0},"b":{}}
,"C:\\Users\\nzabe\\OneDrive\\Desktop\\academics\\Y3\\Practical\\umurava-challenge\\src\\utils\\APIFeatures.ts": {"path":"C:\\Users\\nzabe\\OneDrive\\Desktop\\academics\\Y3\\Practical\\umurava-challenge\\src\\utils\\APIFeatures.ts","statementMap":{"0":{"start":{"line":8,"column":8},"end":{"line":8,"column":27}},"1":{"start":{"line":9,"column":8},"end":{"line":9,"column":39}},"2":{"start":{"line":15,"column":22},"end":{"line":15,"column":46}},"3":{"start":{"line":16,"column":31},"end":{"line":16,"column":65}},"4":{"start":{"line":17,"column":8},"end":{"line":17,"column":60}},"5":{"start":{"line":17,"column":39},"end":{"line":17,"column":58}},"6":{"start":{"line":19,"column":26},"end":{"line":19,"column":50}},"7":{"start":{"line":20,"column":8},"end":{"line":20,"column":90}},"8":{"start":{"line":20,"column":77},"end":{"line":20,"column":88}},"9":{"start":{"line":22,"column":8},"end":{"line":22,"column":62}},"10":{"start":{"line":23,"column":8},"end":{"line":23,"column":20}},"11":{"start":{"line":28,"column":8},"end":{"line":33,"column":9}},"12":{"start":{"line":29,"column":27},"end":{"line":29,"column":69}},"13":{"start":{"line":30,"column":12},"end":{"line":30,"column":49}},"14":{"start":{"line":32,"column":12},"end":{"line":32,"column":null}},"15":{"start":{"line":34,"column":8},"end":{"line":34,"column":20}},"16":{"start":{"line":39,"column":8},"end":{"line":44,"column":9}},"17":{"start":{"line":40,"column":27},"end":{"line":40,"column":71}},"18":{"start":{"line":41,"column":12},"end":{"line":41,"column":51}},"19":{"start":{"line":43,"column":12},"end":{"line":43,"column":null}},"20":{"start":{"line":45,"column":8},"end":{"line":45,"column":20}},"21":{"start":{"line":49,"column":21},"end":{"line":49,"column":61}},"22":{"start":{"line":50,"column":22},"end":{"line":50,"column":63}},"23":{"start":{"line":51,"column":21},"end":{"line":51,"column":38}},"24":{"start":{"line":53,"column":8},"end":{"line":53,"column":56}},"25":{"start":{"line":54,"column":8},"end":{"line":54,"column":20}},"26":{"start":{"line":59,"column":0},"end":{"line":59,"column":27}}},"fnMap":{"0":{"name":"(anonymous_0)","decl":{"start":{"line":7,"column":4},"end":{"line":7,"column":16}},"loc":{"start":{"line":7,"column":62},"end":{"line":10,"column":5}}},"1":{"name":"(anonymous_1)","decl":{"start":{"line":14,"column":4},"end":{"line":14,"column":10}},"loc":{"start":{"line":14,"column":10},"end":{"line":24,"column":5}}},"2":{"name":"(anonymous_2)","decl":{"start":{"line":17,"column":31},"end":{"line":17,"column":32}},"loc":{"start":{"line":17,"column":39},"end":{"line":17,"column":58}}},"3":{"name":"(anonymous_3)","decl":{"start":{"line":20,"column":66},"end":{"line":20,"column":67}},"loc":{"start":{"line":20,"column":77},"end":{"line":20,"column":88}}},"4":{"name":"(anonymous_4)","decl":{"start":{"line":27,"column":4},"end":{"line":27,"column":8}},"loc":{"start":{"line":27,"column":8},"end":{"line":35,"column":5}}},"5":{"name":"(anonymous_5)","decl":{"start":{"line":38,"column":4},"end":{"line":38,"column":15}},"loc":{"start":{"line":38,"column":15},"end":{"line":46,"column":5}}},"6":{"name":"(anonymous_6)","decl":{"start":{"line":48,"column":4},"end":{"line":48,"column":12}},"loc":{"start":{"line":48,"column":12},"end":{"line":55,"column":5}}}},"branchMap":{"0":{"loc":{"start":{"line":28,"column":8},"end":{"line":33,"column":9}},"type":"if","locations":[{"start":{"line":28,"column":8},"end":{"line":33,"column":9}},{"start":{"line":31,"column":13},"end":{"line":33,"column":9}}]},"1":{"loc":{"start":{"line":39,"column":8},"end":{"line":44,"column":9}},"type":"if","locations":[{"start":{"line":39,"column":8},"end":{"line":44,"column":9}},{"start":{"line":42,"column":13},"end":{"line":44,"column":9}}]},"2":{"loc":{"start":{"line":49,"column":21},"end":{"line":49,"column":61}},"type":"binary-expr","locations":[{"start":{"line":49,"column":21},"end":{"line":49,"column":56}},{"start":{"line":49,"column":60},"end":{"line":49,"column":61}}]},"3":{"loc":{"start":{"line":50,"column":22},"end":{"line":50,"column":63}},"type":"binary-expr","locations":[{"start":{"line":50,"column":22},"end":{"line":50,"column":58}},{"start":{"line":50,"column":62},"end":{"line":50,"column":63}}]}},"s":{"0":0,"1":0,"2":0,"3":0,"4":0,"5":0,"6":0,"7":0,"8":0,"9":0,"10":0,"11":0,"12":0,"13":0,"14":0,"15":0,"16":0,"17":0,"18":0,"19":0,"20":0,"21":0,"22":0,"23":0,"24":0,"25":0,"26":2},"f":{"0":0,"1":0,"2":0,"3":0,"4":0,"5":0,"6":0},"b":{"0":[0,0],"1":[0,0],"2":[0,0],"3":[0,0]}}
,"C:\\Users\\nzabe\\OneDrive\\Desktop\\academics\\Y3\\Practical\\umurava-challenge\\src\\utils\\AppError.ts": {"path":"C:\\Users\\nzabe\\OneDrive\\Desktop\\academics\\Y3\\Practical\\umurava-challenge\\src\\utils\\AppError.ts","statementMap":{"0":{"start":{"line":9,"column":6},"end":{"line":9,"column":21}},"1":{"start":{"line":10,"column":6},"end":{"line":10,"column":35}},"2":{"start":{"line":11,"column":6},"end":{"line":11,"column":76}},"3":{"start":{"line":12,"column":6},"end":{"line":12,"column":32}},"4":{"start":{"line":13,"column":6},"end":{"line":13,"column":29}},"5":{"start":{"line":14,"column":6},"end":{"line":14,"column":29}},"6":{"start":{"line":15,"column":6},"end":{"line":15,"column":36}},"7":{"start":{"line":19,"column":0},"end":{"line":19,"column":24}}},"fnMap":{"0":{"name":"(anonymous_0)","decl":{"start":{"line":8,"column":4},"end":{"line":8,"column":16}},"loc":{"start":{"line":8,"column":69},"end":{"line":16,"column":5}}}},"branchMap":{"0":{"loc":{"start":{"line":11,"column":20},"end":{"line":11,"column":75}},"type":"cond-expr","locations":[{"start":{"line":11,"column":59},"end":{"line":11,"column":65}},{"start":{"line":11,"column":68},"end":{"line":11,"column":75}}]}},"s":{"0":0,"1":0,"2":0,"3":0,"4":0,"5":0,"6":0,"7":1},"f":{"0":0},"b":{"0":[0,0]}}
,"C:\\Users\\nzabe\\OneDrive\\Desktop\\academics\\Y3\\Practical\\umurava-challenge\\src\\utils\\bcrypt.ts": {"path":"C:\\Users\\nzabe\\OneDrive\\Desktop\\academics\\Y3\\Practical\\umurava-challenge\\src\\utils\\bcrypt.ts","statementMap":{"0":{"start":{"line":1,"column":0},"end":{"line":1,"column":39}},"1":{"start":{"line":2,"column":15},"end":{"line":2,"column":33}},"2":{"start":{"line":3,"column":28},"end":{"line":6,"column":2}},"3":{"start":{"line":3,"column":72},"end":{"line":6,"column":2}},"4":{"start":{"line":4,"column":25},"end":{"line":4,"column":49}},"5":{"start":{"line":5,"column":2},"end":{"line":5,"column":24}},"6":{"start":{"line":3,"column":13},"end":{"line":3,"column":28}},"7":{"start":{"line":8,"column":31},"end":{"line":14,"column":2}},"8":{"start":{"line":11,"column":22},"end":{"line":14,"column":2}},"9":{"start":{"line":12,"column":2},"end":{"line":12,"column":39}},"10":{"start":{"line":12,"column":26},"end":{"line":12,"column":39}},"11":{"start":{"line":13,"column":2},"end":{"line":13,"column":52}},"12":{"start":{"line":8,"column":13},"end":{"line":8,"column":31}}},"fnMap":{"0":{"name":"(anonymous_7)","decl":{"start":{"line":3,"column":28},"end":{"line":3,"column":35}},"loc":{"start":{"line":3,"column":72},"end":{"line":6,"column":2}}},"1":{"name":"(anonymous_8)","decl":{"start":{"line":3,"column":72},"end":{"line":3,"column":null}},"loc":{"start":{"line":3,"column":72},"end":{"line":6,"column":1}}},"2":{"name":"(anonymous_9)","decl":{"start":{"line":8,"column":31},"end":{"line":8,"column":null}},"loc":{"start":{"line":11,"column":22},"end":{"line":14,"column":2}}},"3":{"name":"(anonymous_10)","decl":{"start":{"line":11,"column":22},"end":{"line":11,"column":null}},"loc":{"start":{"line":11,"column":22},"end":{"line":14,"column":1}}}},"branchMap":{"0":{"loc":{"start":{"line":12,"column":2},"end":{"line":12,"column":39}},"type":"if","locations":[{"start":{"line":12,"column":2},"end":{"line":12,"column":39}}]}},"s":{"0":1,"1":1,"2":1,"3":0,"4":0,"5":0,"6":1,"7":1,"8":0,"9":0,"10":0,"11":0,"12":1},"f":{"0":0,"1":0,"2":0,"3":0},"b":{"0":[0]}}
,"C:\\Users\\nzabe\\OneDrive\\Desktop\\academics\\Y3\\Practical\\umurava-challenge\\src\\utils\\errorHandler.ts": {"path":"C:\\Users\\nzabe\\OneDrive\\Desktop\\academics\\Y3\\Practical\\umurava-challenge\\src\\utils\\errorHandler.ts","statementMap":{"0":{"start":{"line":4,"column":21},"end":{"line":13,"column":1}},"1":{"start":{"line":5,"column":4},"end":{"line":5,"column":43}},"2":{"start":{"line":6,"column":4},"end":{"line":6,"column":39}},"3":{"start":{"line":8,"column":4},"end":{"line":12,"column":7}},"4":{"start":{"line":15,"column":0},"end":{"line":15,"column":28}}},"fnMap":{"0":{"name":"(anonymous_0)","decl":{"start":{"line":4,"column":21},"end":{"line":4,"column":22}},"loc":{"start":{"line":4,"column":88},"end":{"line":13,"column":1}}}},"branchMap":{"0":{"loc":{"start":{"line":5,"column":21},"end":{"line":5,"column":42}},"type":"binary-expr","locations":[{"start":{"line":5,"column":21},"end":{"line":5,"column":35}},{"start":{"line":5,"column":39},"end":{"line":5,"column":42}}]},"1":{"loc":{"start":{"line":6,"column":17},"end":{"line":6,"column":38}},"type":"binary-expr","locations":[{"start":{"line":6,"column":17},"end":{"line":6,"column":27}},{"start":{"line":6,"column":31},"end":{"line":6,"column":38}}]},"2":{"loc":{"start":{"line":11,"column":12},"end":{"line":11,"column":74}},"type":"binary-expr","locations":[{"start":{"line":11,"column":12},"end":{"line":11,"column":50}},{"start":{"line":11,"column":54},"end":{"line":11,"column":74}}]}},"s":{"0":1,"1":1,"2":1,"3":1,"4":1},"f":{"0":1},"b":{"0":[1,0],"1":[1,0],"2":[1,0]}}
,"C:\\Users\\nzabe\\OneDrive\\Desktop\\academics\\Y3\\Practical\\umurava-challenge\\src\\utils\\index.ts": {"path":"C:\\Users\\nzabe\\OneDrive\\Desktop\\academics\\Y3\\Practical\\umurava-challenge\\src\\utils\\index.ts","statementMap":{"0":{"start":{"line":1,"column":40},"end":{"line":3,"column":1}},"1":{"start":{"line":2,"column":2},"end":{"line":2,"column":53}},"2":{"start":{"line":1,"column":13},"end":{"line":1,"column":40}}},"fnMap":{"0":{"name":"(anonymous_0)","decl":{"start":{"line":1,"column":40},"end":{"line":1,"column":43}},"loc":{"start":{"line":1,"column":45},"end":{"line":3,"column":1}}}},"branchMap":{},"s":{"0":1,"1":0,"2":1},"f":{"0":0},"b":{}}
,"C:\\Users\\nzabe\\OneDrive\\Desktop\\academics\\Y3\\Practical\\umurava-challenge\\src\\utils\\jwt.ts": {"path":"C:\\Users\\nzabe\\OneDrive\\Desktop\\academics\\Y3\\Practical\\umurava-challenge\\src\\utils\\jwt.ts","statementMap":{"0":{"start":{"line":1,"column":0},"end":{"line":1,"column":37}},"1":{"start":{"line":3,"column":29},"end":{"line":5,"column":1}},"2":{"start":{"line":4,"column":2},"end":{"line":4,"column":57}},"3":{"start":{"line":3,"column":13},"end":{"line":3,"column":29}},"4":{"start":{"line":7,"column":27},"end":{"line":9,"column":1}},"5":{"start":{"line":8,"column":2},"end":{"line":8,"column":57}},"6":{"start":{"line":7,"column":13},"end":{"line":7,"column":27}},"7":{"start":{"line":13,"column":30},"end":{"line":16,"column":1}},"8":{"start":{"line":14,"column":18},"end":{"line":14,"column":36}},"9":{"start":{"line":15,"column":2},"end":{"line":15,"column":17}},"10":{"start":{"line":13,"column":13},"end":{"line":13,"column":30}}},"fnMap":{"0":{"name":"(anonymous_0)","decl":{"start":{"line":3,"column":29},"end":{"line":3,"column":30}},"loc":{"start":{"line":3,"column":46},"end":{"line":5,"column":1}}},"1":{"name":"(anonymous_1)","decl":{"start":{"line":7,"column":27},"end":{"line":7,"column":28}},"loc":{"start":{"line":7,"column":45},"end":{"line":9,"column":1}}},"2":{"name":"(anonymous_2)","decl":{"start":{"line":13,"column":30},"end":{"line":13,"column":31}},"loc":{"start":{"line":13,"column":48},"end":{"line":16,"column":1}}}},"branchMap":{},"s":{"0":1,"1":1,"2":0,"3":1,"4":1,"5":0,"6":1,"7":1,"8":0,"9":0,"10":1},"f":{"0":0,"1":0,"2":0},"b":{}}
,"C:\\Users\\nzabe\\OneDrive\\Desktop\\academics\\Y3\\Practical\\umurava-challenge\\src\\utils\\nodemailer.ts": {"path":"C:\\Users\\nzabe\\OneDrive\\Desktop\\academics\\Y3\\Practical\\umurava-challenge\\src\\utils\\nodemailer.ts","statementMap":{"0":{"start":{"line":1,"column":0},"end":{"line":1,"column":42}},"1":{"start":{"line":8,"column":25},"end":{"line":57,"column":2}},"2":{"start":{"line":16,"column":25},"end":{"line":57,"column":2}},"3":{"start":{"line":17,"column":22},"end":{"line":17,"column":27}},"4":{"start":{"line":18,"column":34},"end":{"line":18,"column":43}},"5":{"start":{"line":20,"column":2},"end":{"line":51,"column":3}},"6":{"start":{"line":21,"column":24},"end":{"line":29,"column":6}},"7":{"start":{"line":31,"column":24},"end":{"line":43,"column":6}},"8":{"start":{"line":45,"column":4},"end":{"line":45,"column":44}},"9":{"start":{"line":46,"column":4},"end":{"line":46,"column":30}},"10":{"start":{"line":47,"column":4},"end":{"line":47,"column":16}},"11":{"start":{"line":49,"column":4},"end":{"line":49,"column":21}},"12":{"start":{"line":50,"column":4},"end":{"line":50,"column":16}},"13":{"start":{"line":53,"column":2},"end":{"line":56,"column":4}},"14":{"start":{"line":8,"column":13},"end":{"line":8,"column":25}}},"fnMap":{"0":{"name":"(anonymous_7)","decl":{"start":{"line":8,"column":25},"end":{"line":8,"column":32}},"loc":{"start":{"line":16,"column":25},"end":{"line":57,"column":2}}},"1":{"name":"(anonymous_8)","decl":{"start":{"line":16,"column":25},"end":{"line":16,"column":null}},"loc":{"start":{"line":16,"column":1},"end":{"line":57,"column":1}}}},"branchMap":{},"s":{"0":1,"1":1,"2":0,"3":0,"4":0,"5":0,"6":0,"7":0,"8":0,"9":0,"10":0,"11":0,"12":0,"13":0,"14":1},"f":{"0":0,"1":0},"b":{}}
}
